02-10-2013 14:06:36 - C:/xampp/htdocs/index.php
	SELECT * FROM statistic WHERE ip='::1' -was- 1
02-10-2013 14:06:58 - C:/xampp/htdocs/index.php
	SELECT * FROM statistic WHERE ip='::1' -was- 1
02-10-2013 14:06:59 - C:/xampp/htdocs/index.php
	SELECT * FROM statistic WHERE ip='::1' -was- 1
02-10-2013 14:07:01 - C:/xampp/htdocs/index.php
	SELECT * FROM statistic WHERE ip='::1' -was- 1
02-10-2013 14:07:02 - C:/xampp/htdocs/index.php
	SELECT * FROM statistic WHERE ip='::1' -was- 1
02-10-2013 14:07:03 - C:/xampp/htdocs/index.php
	SELECT * FROM statistic WHERE ip='::1' -was- 1
02-10-2013 14:07:28 - C:/xampp/htdocs/index.php
	SELECT * FROM statistic WHERE ip='::1' -was- 1
02-10-2013 14:08:31 - C:/xampp/htdocs/index.php
	SELECT * FROM statistic WHERE ip='::1' -was- 1
02-10-2013 14:19:10 - C:/xampp/htdocs/index.php
	SELECT * FROM statistic WHERE ip='::1' -was- 1
02-10-2013 14:19:49 - C:/xampp/htdocs/index.php
	SELECT * FROM statistic WHERE ip='::1' -was- 1
02-10-2013 14:23:43 - C:/xampp/htdocs/index.php
	SELECT * FROM statistic WHERE ip='::1' -was- 1
02-10-2013 14:24:46 - C:/xampp/htdocs/index.php
	SELECT * FROM statistic WHERE ip='::1' -was- 1
02-10-2013 14:25:34 - C:/xampp/htdocs/index.php
	SELECT * FROM statistic WHERE ip='::1' -was- 1
02-10-2013 14:26:01 - C:/xampp/htdocs/index.php
	SELECT * FROM statistic WHERE ip='::1' -was- 1
02-10-2013 14:26:08 - C:/xampp/htdocs/index.php
	SELECT * FROM statistic WHERE ip='::1' -was- 1
02-10-2013 14:26:29 - C:/xampp/htdocs/index.php
	SELECT * FROM statistic WHERE ip='::1' -was- 1
02-10-2013 14:26:32 - C:/xampp/htdocs/index.php
	SELECT * FROM statistic WHERE ip='::1' -was- 1
02-10-2013 14:26:33 - C:/xampp/htdocs/index.php
	SELECT * FROM statistic WHERE ip='::1' -was- 1
02-10-2013 14:26:34 - C:/xampp/htdocs/index.php
	SELECT * FROM statistic WHERE ip='::1' -was- 1
02-10-2013 14:26:35 - C:/xampp/htdocs/index.php
	SELECT * FROM statistic WHERE ip='::1' -was- 1
02-10-2013 14:26:36 - C:/xampp/htdocs/index.php
	SELECT * FROM statistic WHERE ip='::1' -was- 1
02-10-2013 14:26:37 - C:/xampp/htdocs/index.php
	SELECT * FROM statistic WHERE ip='::1' -was- 1
02-10-2013 14:26:38 - C:/xampp/htdocs/index.php
	SELECT * FROM statistic WHERE ip='::1' -was- 1
02-10-2013 14:26:39 - C:/xampp/htdocs/index.php
	SELECT * FROM statistic WHERE ip='::1' -was- 1
02-10-2013 14:26:40 - C:/xampp/htdocs/index.php
	SELECT * FROM statistic WHERE ip='::1' -was- 1
02-10-2013 14:26:59 - C:/xampp/htdocs/index.php
	SELECT * FROM statistic WHERE ip='::1' -was- 1
02-10-2013 14:27:01 - C:/xampp/htdocs/index.php
	SELECT * FROM statistic WHERE ip='::1' -was- 1
02-10-2013 14:27:02 - C:/xampp/htdocs/index.php
	SELECT * FROM statistic WHERE ip='::1' -was- 1
02-10-2013 14:27:04 - C:/xampp/htdocs/index.php
	SELECT * FROM statistic WHERE ip='::1' -was- 1
02-10-2013 14:27:19 - C:/xampp/htdocs/index.php
	SELECT * FROM statistic WHERE ip='::1' -was- 1
02-10-2013 14:28:46 - C:/xampp/htdocs/index.php
	SELECT * FROM statistic WHERE ip='::1' -was- 1
02-10-2013 14:28:48 - C:/xampp/htdocs/index.php
	SELECT * FROM statistic WHERE ip='::1' -was- 1
02-10-2013 14:28:50 - C:/xampp/htdocs/index.php
	SELECT * FROM statistic WHERE ip='::1' -was- 1
02-10-2013 14:28:56 - C:/xampp/htdocs/index.php
	SELECT * FROM statistic WHERE ip='::1' -was- 1
02-10-2013 14:28:58 - C:/xampp/htdocs/index.php
	SELECT * FROM statistic WHERE ip='::1' -was- 1
02-10-2013 14:29:00 - C:/xampp/htdocs/index.php
	SELECT * FROM statistic WHERE ip='::1' -was- 1
02-10-2013 14:29:14 - C:/xampp/htdocs/index.php
	SELECT * FROM statistic WHERE ip='::1' -was- 1
02-10-2013 14:29:17 - C:/xampp/htdocs/index.php
	SELECT * FROM statistic WHERE ip='::1' -was- 1
02-10-2013 14:29:18 - C:/xampp/htdocs/index.php
	SELECT * FROM statistic WHERE ip='::1' -was- 1
02-10-2013 14:30:37 - C:/xampp/htdocs/index.php
	SELECT * FROM statistic WHERE ip='::1' -was- 1
02-10-2013 14:30:39 - C:/xampp/htdocs/index.php
	SELECT * FROM statistic WHERE ip='::1' -was- 1
02-10-2013 14:30:40 - C:/xampp/htdocs/index.php
	SELECT * FROM statistic WHERE ip='::1' -was- 1
02-10-2013 14:30:42 - C:/xampp/htdocs/index.php
	SELECT * FROM statistic WHERE ip='::1' -was- 1
02-10-2013 14:30:44 - C:/xampp/htdocs/index.php
	SELECT * FROM statistic WHERE ip='::1' -was- 1
02-10-2013 14:30:45 - C:/xampp/htdocs/index.php
	SELECT * FROM statistic WHERE ip='::1' -was- 1
02-10-2013 14:30:46 - C:/xampp/htdocs/index.php
	SELECT * FROM statistic WHERE ip='::1' -was- 1
02-10-2013 14:32:33 - C:/xampp/htdocs/index.php
	SELECT * FROM statistic WHERE ip='::1' -was- 1
02-10-2013 14:32:35 - C:/xampp/htdocs/index.php
	SELECT * FROM statistic WHERE ip='::1' -was- 1
02-10-2013 14:32:54 - C:/xampp/htdocs/index.php
	SELECT * FROM statistic WHERE ip='' -was- 1
02-10-2013 14:32:56 - C:/xampp/htdocs/index.php
	SELECT * FROM statistic WHERE ip='' -was- 1
02-10-2013 14:33:00 - C:/xampp/htdocs/index.php
	SELECT * FROM statistic WHERE ip='' -was- 1
02-10-2013 14:34:20 - C:/xampp/htdocs/index.php
	SELECT * FROM statistic WHERE ip='::1' -was- 1
02-10-2013 14:34:22 - C:/xampp/htdocs/index.php
	SELECT * FROM statistic WHERE ip='::1' -was- 1
02-10-2013 14:35:40 - C:/xampp/htdocs/index.php
	SELECT * FROM statistic WHERE ip='::1' -was- 1
02-10-2013 14:35:41 - C:/xampp/htdocs/index.php
	SELECT * FROM statistic WHERE ip='::1' -was- 1
02-10-2013 14:35:50 - C:/xampp/htdocs/index.php
	SELECT * FROM statistic WHERE ip='::1' -was- 1
02-10-2013 14:35:51 - C:/xampp/htdocs/index.php
	SELECT * FROM statistic WHERE ip='::1' -was- 1
02-10-2013 14:35:53 - C:/xampp/htdocs/index.php
	SELECT * FROM statistic WHERE ip='::1' -was- 1
02-10-2013 14:36:01 - C:/xampp/htdocs/index.php
	SELECT * FROM statistic WHERE ip='::1' -was- 1
02-10-2013 14:36:02 - C:/xampp/htdocs/index.php
	SELECT * FROM statistic WHERE ip='::1' -was- 1
02-10-2013 14:38:49 - C:/xampp/htdocs/index.php
	SELECT * FROM statistic WHERE ip='::1' -was- 1
02-10-2013 14:38:51 - C:/xampp/htdocs/index.php
	SELECT * FROM statistic WHERE ip='::1' -was- 1
02-10-2013 14:39:06 - C:/xampp/htdocs/index.php
	SELECT * FROM statistic WHERE ip='::1' -was- 1
02-10-2013 14:39:07 - C:/xampp/htdocs/index.php
	SELECT * FROM statistic WHERE ip='::1' -was- 1
02-10-2013 14:40:07 - C:/xampp/htdocs/index.php
	SELECT * FROM statistic WHERE ip='::1' -was- 1
02-10-2013 14:40:10 - C:/xampp/htdocs/index.php
	SELECT * FROM statistic WHERE ip='::1' -was- 1
02-10-2013 14:41:24 - C:/xampp/htdocs/index.php
	SELECT * FROM statistic WHERE ip='::1' -was- 1
02-10-2013 14:41:34 - C:/xampp/htdocs/index.php
	SELECT * FROM statistic WHERE ip='::1' -was- 1
02-10-2013 14:41:36 - C:/xampp/htdocs/index.php
	SELECT * FROM statistic WHERE ip='::1' -was- 1
02-10-2013 14:42:14 - C:/xampp/htdocs/index.php
	SELECT * FROM statistic WHERE ip='::1' -was- 1
02-10-2013 14:42:16 - C:/xampp/htdocs/index.php
	SELECT * FROM statistic WHERE ip='::1' -was- 1
02-10-2013 14:42:17 - C:/xampp/htdocs/index.php
	SELECT * FROM statistic WHERE ip='::1' -was- 1
02-10-2013 14:42:44 - C:/xampp/htdocs/index.php
	SELECT * FROM statistic WHERE ip='::1' -was- 1
02-10-2013 14:42:46 - C:/xampp/htdocs/index.php
	SELECT * FROM statistic WHERE ip='::1' -was- 1
02-10-2013 14:42:47 - C:/xampp/htdocs/index.php
	SELECT * FROM statistic WHERE ip='::1' -was- 1
02-10-2013 14:42:48 - C:/xampp/htdocs/index.php
	SELECT * FROM statistic WHERE ip='::1' -was- 1
02-10-2013 14:42:49 - C:/xampp/htdocs/index.php
	SELECT * FROM statistic WHERE ip='::1' -was- 1
02-10-2013 14:42:50 - C:/xampp/htdocs/index.php
	SELECT * FROM statistic WHERE ip='::1' -was- 1
02-10-2013 14:42:51 - C:/xampp/htdocs/index.php
	SELECT * FROM statistic WHERE ip='::1' -was- 1
02-10-2013 14:43:00 - C:/xampp/htdocs/index.php
	SELECT * FROM statistic WHERE ip='::1' -was- 1
02-10-2013 14:43:01 - C:/xampp/htdocs/index.php
	SELECT * FROM statistic WHERE ip='::1' -was- 1
02-10-2013 14:43:03 - C:/xampp/htdocs/index.php
	SELECT * FROM statistic WHERE ip='::1' -was- 1
02-10-2013 14:43:13 - C:/xampp/htdocs/index.php
	SELECT * FROM statistic WHERE ip='::1' -was- 1
02-10-2013 14:43:15 - C:/xampp/htdocs/index.php
	SELECT * FROM statistic WHERE ip='::1' -was- 1
02-10-2013 14:43:16 - C:/xampp/htdocs/index.php
	SELECT * FROM statistic WHERE ip='::1' -was- 1
02-10-2013 14:43:47 - C:/xampp/htdocs/index.php
	SELECT * FROM statistic WHERE ip='::1' -was- 1
02-10-2013 14:44:26 - C:/xampp/htdocs/index.php
	SELECT * FROM statistic WHERE ip='::1' -was- 1
02-10-2013 14:44:27 - C:/xampp/htdocs/index.php
	SELECT * FROM statistic WHERE ip='::1' -was- 1
02-10-2013 14:44:28 - C:/xampp/htdocs/index.php
	SELECT * FROM statistic WHERE ip='::1' -was- 1
02-10-2013 14:44:30 - C:/xampp/htdocs/index.php
	SELECT * FROM statistic WHERE ip='::1' -was- 1
02-10-2013 14:44:32 - C:/xampp/htdocs/index.php
	SELECT * FROM statistic WHERE ip='::1' -was- 1
02-10-2013 14:44:41 - C:/xampp/htdocs/index.php
	SELECT * FROM statistic WHERE ip='::1' -was- 1
02-10-2013 14:44:43 - C:/xampp/htdocs/index.php
	SELECT * FROM statistic WHERE ip='::1' -was- 1
02-10-2013 14:44:44 - C:/xampp/htdocs/index.php
	SELECT * FROM statistic WHERE ip='::1' -was- 1
02-10-2013 14:44:49 - C:/xampp/htdocs/index.php
	SELECT * FROM statistic WHERE ip='::1' -was- 1
02-10-2013 14:44:51 - C:/xampp/htdocs/index.php
	SELECT * FROM statistic WHERE ip='::1' -was- 1
02-10-2013 14:44:52 - C:/xampp/htdocs/index.php
	SELECT * FROM statistic WHERE ip='::1' -was- 1
02-10-2013 14:44:59 - C:/xampp/htdocs/index.php
	SELECT * FROM statistic WHERE ip='::1' -was- 1
02-10-2013 14:45:01 - C:/xampp/htdocs/index.php
	SELECT * FROM statistic WHERE ip='::1' -was- 1
02-10-2013 14:45:03 - C:/xampp/htdocs/index.php
	SELECT * FROM statistic WHERE ip='::1' -was- 1
02-10-2013 14:45:04 - C:/xampp/htdocs/index.php
	SELECT * FROM statistic WHERE ip='::1' -was- 1
02-10-2013 14:45:44 - C:/xampp/htdocs/index.php
	SELECT * FROM statistic WHERE ip='::1' -was- 1
02-10-2013 14:45:45 - C:/xampp/htdocs/index.php
	SELECT * FROM statistic WHERE ip='::1' -was- 1
02-10-2013 14:46:04 - C:/xampp/htdocs/index.php
	SELECT * FROM statistic WHERE ip='::1' -was- 1
02-10-2013 14:48:34 - C:/xampp/htdocs/index.php
	SELECT * FROM statistic WHERE ip='::1' -was- 1
02-10-2013 14:48:36 - C:/xampp/htdocs/index.php
	SELECT * FROM statistic WHERE ip='::1' -was- 1
02-10-2013 14:49:03 - C:/xampp/htdocs/index.php
	SELECT * FROM statistic WHERE ip='::1' -was- 1
02-10-2013 14:49:26 - C:/xampp/htdocs/index.php
	SELECT * FROM statistic WHERE ip='::1' -was- 1
02-10-2013 14:51:30 - C:/xampp/htdocs/index.php
	SELECT * FROM statistic WHERE ip='::1' -was- 1
02-10-2013 14:51:33 - C:/xampp/htdocs/index.php
	SELECT * FROM statistic WHERE ip='::1' -was- 1
02-10-2013 14:51:55 - C:/xampp/htdocs/index.php
	SELECT * FROM statistic WHERE ip='::1' -was- 1
02-10-2013 14:51:57 - C:/xampp/htdocs/index.php
	SELECT * FROM statistic WHERE ip='::1' -was- 1
02-10-2013 14:51:58 - C:/xampp/htdocs/index.php
	SELECT * FROM statistic WHERE ip='::1' -was- 1
02-10-2013 14:52:00 - C:/xampp/htdocs/index.php
	SELECT * FROM statistic WHERE ip='::1' -was- 1
02-10-2013 14:52:30 - C:/xampp/htdocs/index.php
	SELECT * FROM statistic WHERE ip='::1' -was- 1
02-10-2013 14:52:32 - C:/xampp/htdocs/index.php
	SELECT * FROM statistic WHERE ip='::1' -was- 1
02-10-2013 14:52:33 - C:/xampp/htdocs/index.php
	SELECT * FROM statistic WHERE ip='::1' -was- 1
02-10-2013 14:52:35 - C:/xampp/htdocs/index.php
	SELECT * FROM statistic WHERE ip='::1' -was- 1
02-10-2013 14:52:36 - C:/xampp/htdocs/index.php
	SELECT * FROM statistic WHERE ip='::1' -was- 1
02-10-2013 14:52:39 - C:/xampp/htdocs/index.php
	SELECT * FROM statistic WHERE ip='::1' -was- 1
02-10-2013 14:53:19 - C:/xampp/htdocs/index.php
	SELECT * FROM statistic WHERE ip='::1' -was- 1
02-10-2013 14:53:21 - C:/xampp/htdocs/index.php
	SELECT * FROM statistic WHERE ip='::1' -was- 1
02-10-2013 14:53:22 - C:/xampp/htdocs/index.php
	SELECT * FROM statistic WHERE ip='::1' -was- 1
02-10-2013 14:53:23 - C:/xampp/htdocs/index.php
	SELECT * FROM statistic WHERE ip='::1' -was- 1
02-10-2013 14:53:25 - C:/xampp/htdocs/index.php
	SELECT * FROM statistic WHERE ip='::1' -was- 1
02-10-2013 14:53:30 - C:/xampp/htdocs/index.php
	SELECT * FROM statistic WHERE ip='::1' -was- 1
02-10-2013 14:54:07 - C:/xampp/htdocs/index.php
	SELECT * FROM statistic WHERE ip='::1' -was- 1
02-10-2013 14:54:12 - C:/xampp/htdocs/index.php
	SELECT * FROM statistic WHERE ip='::1' -was- 1
02-10-2013 14:54:14 - C:/xampp/htdocs/index.php
	SELECT * FROM statistic WHERE ip='::1' -was- 1
02-10-2013 14:54:15 - C:/xampp/htdocs/index.php
	SELECT * FROM statistic WHERE ip='::1' -was- 1
02-10-2013 14:54:48 - C:/xampp/htdocs/index.php
	SELECT * FROM statistic WHERE ip='::1' -was- 1
02-10-2013 14:56:34 - C:/xampp/htdocs/index.php
	SELECT * FROM statistic WHERE ip='::1' -was- 1
02-10-2013 14:57:29 - C:/xampp/htdocs/index.php
	SELECT * FROM statistic WHERE ip='::1' -was- 1
02-10-2013 14:57:32 - C:/xampp/htdocs/index.php
	SELECT * FROM statistic WHERE ip='::1' -was- 1
02-10-2013 14:57:34 - C:/xampp/htdocs/index.php
	SELECT * FROM statistic WHERE ip='::1' -was- 1
02-10-2013 14:57:35 - C:/xampp/htdocs/index.php
	SELECT * FROM statistic WHERE ip='::1' -was- 1
02-10-2013 14:57:49 - C:/xampp/htdocs/index.php
	SELECT * FROM statistic WHERE ip='::1' -was- 1
02-10-2013 15:10:41 - C:/xampp/htdocs/index.php
	SELECT * FROM statistic WHERE ip='::1' -was- 1
02-10-2013 15:10:42 - C:/xampp/htdocs/index.php
	SELECT * FROM statistic WHERE ip='::1' -was- 1
02-10-2013 15:10:42 - C:/xampp/htdocs/index.php
	SELECT * FROM statistic WHERE ip='::1' -was- 1
02-10-2013 15:10:43 - C:/xampp/htdocs/index.php
	SELECT * FROM statistic WHERE ip='::1' -was- 1
02-10-2013 15:10:43 - C:/xampp/htdocs/index.php
	SELECT * FROM statistic WHERE ip='::1' -was- 1
02-10-2013 15:10:43 - C:/xampp/htdocs/index.php
	SELECT * FROM statistic WHERE ip='::1' -was- 1
02-10-2013 15:10:43 - C:/xampp/htdocs/index.php
	SELECT * FROM statistic WHERE ip='::1' -was- 1
02-10-2013 15:10:43 - C:/xampp/htdocs/index.php
	SELECT * FROM statistic WHERE ip='::1' -was- 1
02-10-2013 15:10:44 - C:/xampp/htdocs/index.php
	SELECT * FROM statistic WHERE ip='::1' -was- 1
02-10-2013 15:10:44 - C:/xampp/htdocs/index.php
	SELECT * FROM statistic WHERE ip='::1' -was- 1
02-10-2013 15:10:44 - C:/xampp/htdocs/index.php
	SELECT * FROM statistic WHERE ip='::1' -was- 1
02-10-2013 15:10:44 - C:/xampp/htdocs/index.php
	SELECT * FROM statistic WHERE ip='::1' -was- 1
02-10-2013 15:10:44 - C:/xampp/htdocs/index.php
	SELECT * FROM statistic WHERE ip='::1' -was- 1
02-10-2013 15:10:44 - C:/xampp/htdocs/index.php
	SELECT * FROM statistic WHERE ip='::1' -was- 1
02-10-2013 15:12:19 - C:/xampp/htdocs/index.php
	 -was- 
02-10-2013 15:12:20 - C:/xampp/htdocs/index.php
	 -was- 
02-10-2013 15:12:20 - C:/xampp/htdocs/index.php
	 -was- 
02-10-2013 15:12:20 - C:/xampp/htdocs/index.php
	 -was- 
02-10-2013 15:12:20 - C:/xampp/htdocs/index.php
	 -was- 
02-10-2013 15:12:20 - C:/xampp/htdocs/index.php
	 -was- 
02-10-2013 15:12:20 - C:/xampp/htdocs/index.php
	 -was- 
02-10-2013 15:12:21 - C:/xampp/htdocs/index.php
	 -was- 
02-10-2013 15:12:21 - C:/xampp/htdocs/index.php
	 -was- 
02-10-2013 15:12:21 - C:/xampp/htdocs/index.php
	 -was- 
02-10-2013 15:12:21 - C:/xampp/htdocs/index.php
	 -was- 
02-10-2013 15:12:21 - C:/xampp/htdocs/index.php
	 -was- 
02-10-2013 15:12:22 - C:/xampp/htdocs/index.php
	 -was- 
02-10-2013 15:12:22 - C:/xampp/htdocs/index.php
	 -was- 
02-10-2013 15:12:22 - C:/xampp/htdocs/index.php
	 -was- 
02-10-2013 15:12:22 - C:/xampp/htdocs/index.php
	 -was- 
02-10-2013 15:12:22 - C:/xampp/htdocs/index.php
	 -was- 
02-10-2013 15:12:22 - C:/xampp/htdocs/index.php
	 -was- 
02-10-2013 15:12:23 - C:/xampp/htdocs/index.php
	 -was- 
02-10-2013 15:12:23 - C:/xampp/htdocs/index.php
	 -was- 
02-10-2013 15:15:10 - C:/xampp/htdocs/index.php
	 -was- 
02-10-2013 15:15:50 - C:/xampp/htdocs/scripts/register.php
	 -was- 
02-10-2013 15:16:24 - C:/xampp/htdocs/scripts/register.php
	 -was- 
02-10-2013 15:16:25 - C:/xampp/htdocs/scripts/register.php
	ruabmbua hatt sich registriert!
02-10-2013 15:16:51 - C:/xampp/htdocs/scripts/login.php
	 -was- 
02-10-2013 15:16:53 - C:/xampp/htdocs/index.php
	 -was- 
02-10-2013 15:17:28 - C:\xampp\htdocs\ws-server_start.php
	 -was- 
02-10-2013 15:17:32 - C:/xampp/htdocs/HTML/websocket.php
	 -was- 
02-10-2013 15:17:35 - C:/xampp/htdocs/HTML/websocket.php
	 -was- 
02-10-2013 15:18:15 - C:/xampp/htdocs/index.php
	 -was- 
02-10-2013 15:18:17 - C:/xampp/htdocs/HTML/websocket.php
	 -was- 
02-10-2013 15:20:44 - C:\xampp\htdocs\ws-server_start.php
	Connection-Error:
02-10-2013 15:21:08 - C:\xampp\htdocs\ws-server_start.php
	 -was- 
02-10-2013 15:21:23 - C:/xampp/htdocs/HTML/websocket.php
	 -was- 
02-10-2013 15:21:24 - C:/xampp/htdocs/HTML/websocket.php
	 -was- 
02-10-2013 15:23:26 - C:/xampp/htdocs/HTML/websocket.php
	 -was- 
02-10-2013 15:23:54 - C:\xampp\htdocs\ws-server_start.php
	 -was- 
02-10-2013 15:25:48 - C:/xampp/htdocs/index.php
	 -was- 
02-10-2013 15:25:56 - C:/xampp/htdocs/HTML/websocket.php
	 -was- 
02-10-2013 15:31:10 - C:/xampp/htdocs/index.php
	 -was- 
02-10-2013 15:31:13 - C:/xampp/htdocs/HTML/websocket.php
	 -was- 
02-10-2013 15:31:23 - C:/xampp/htdocs/index.php
	 -was- 
02-10-2013 15:31:26 - C:/xampp/htdocs/HTML/websocket.php
	 -was- 
02-10-2013 15:32:00 - C:/xampp/htdocs/index.php
	 -was- 
02-10-2013 15:32:02 - C:/xampp/htdocs/HTML/websocket.php
	 -was- 
02-10-2013 15:32:41 - C:/xampp/htdocs/index.php
	 -was- 
02-10-2013 15:32:51 - C:/xampp/htdocs/HTML/websocket.php
	 -was- 
02-10-2013 15:33:57 - C:/xampp/htdocs/index.php
	 -was- 
02-10-2013 15:34:10 - C:/xampp/htdocs/scripts/login.php
	 -was- 
02-10-2013 15:34:11 - C:/xampp/htdocs/scripts/login.php
	 hatt sich eingelogt!
02-10-2013 15:34:12 - C:/xampp/htdocs/index.php
	 -was- 
02-10-2013 15:34:15 - C:/xampp/htdocs/HTML/websocket.php
	 -was- 
02-10-2013 15:34:27 - C:/xampp/htdocs/index.php
	 -was- 
02-10-2013 15:34:32 - C:/xampp/htdocs/HTML/websocket.php
	 -was- 
02-10-2013 15:35:05 - C:/xampp/htdocs/index.php
	 -was- 
02-10-2013 15:35:16 - C:/xampp/htdocs/HTML/websocket.php
	 -was- 
02-10-2013 15:37:59 - C:/xampp/htdocs/index.php
	 -was- 
02-10-2013 15:38:01 - C:/xampp/htdocs/HTML/websocket.php
	 -was- 
02-10-2013 15:40:03 - C:/xampp/htdocs/index.php
	 -was- 
02-10-2013 15:40:07 - C:/xampp/htdocs/scripts/login.php
	 -was- 
02-10-2013 15:40:08 - C:/xampp/htdocs/scripts/login.php
	 hatt sich eingelogt!
02-10-2013 15:40:11 - C:/xampp/htdocs/index.php
	 -was- 
02-10-2013 15:40:19 - C:/xampp/htdocs/scripts/register.php
	 -was- 
02-10-2013 15:40:20 - C:/xampp/htdocs/scripts/register.php
	asdf hatt sich registriert!
02-10-2013 15:40:24 - C:/xampp/htdocs/index.php
	 -was- 
02-10-2013 15:40:29 - C:/xampp/htdocs/HTML/websocket.php
	 -was- 
02-10-2013 15:40:34 - C:/xampp/htdocs/HTML/websocket.php
	 -was- 
02-10-2013 15:40:37 - C:/xampp/htdocs/HTML/websocket.php
	 -was- 
02-10-2013 15:40:39 - C:/xampp/htdocs/HTML/websocket.php
	 -was- 
02-10-2013 15:42:21 - C:/xampp/htdocs/HTML/websocket.php
	 -was- 
02-10-2013 15:42:29 - C:/xampp/htdocs/index.php
	 -was- 
02-10-2013 15:42:32 - C:/xampp/htdocs/HTML/websocket.php
	 -was- 
02-10-2013 15:43:28 - C:/xampp/htdocs/HTML/websocket.php
	 -was- 
02-10-2013 15:43:32 - C:/xampp/htdocs/index.php
	 -was- 
02-10-2013 15:44:00 - C:/xampp/htdocs/scripts/register.php
	 -was- 
02-10-2013 15:44:01 - C:/xampp/htdocs/scripts/register.php
	Mexxkill hatt sich registriert!
02-10-2013 15:44:01 - C:/xampp/htdocs/scripts/register.php
	 -was- 
02-10-2013 15:44:03 - C:/xampp/htdocs/index.php
	 -was- 
02-10-2013 15:44:16 - C:/xampp/htdocs/scripts/register.php
	 -was- 
02-10-2013 15:44:18 - C:/xampp/htdocs/index.php
	 -was- 
02-10-2013 15:44:22 - C:/xampp/htdocs/HTML/websocket.php
	 -was- 
