05-05-2013 15:27:56 - C:/Users/Florian/Desktop/HTML-CSS-JS-PHP/Grundgeruest/index.php
	SELECT * FROM statistic WHERE ip='::1' -was- 1
05-05-2013 15:27:59 - C:/Users/Florian/Desktop/HTML-CSS-JS-PHP/Grundgeruest/index.php
	SELECT * FROM statistic WHERE ip='::1' -was- 1
05-05-2013 15:28:02 - C:/Users/Florian/Desktop/HTML-CSS-JS-PHP/Grundgeruest/index.php
	SELECT * FROM statistic WHERE ip='::1' -was- 1
05-05-2013 15:28:04 - C:/Users/Florian/Desktop/HTML-CSS-JS-PHP/Grundgeruest/index.php
	SELECT * FROM statistic WHERE ip='::1' -was- 1
05-05-2013 15:28:08 - C:/Users/Florian/Desktop/HTML-CSS-JS-PHP/Grundgeruest/index.php
	SELECT * FROM statistic WHERE ip='::1' -was- 1
05-05-2013 15:28:13 - C:/Users/Florian/Desktop/HTML-CSS-JS-PHP/Grundgeruest/index.php
	SELECT * FROM statistic WHERE ip='::1' -was- 1
05-05-2013 15:35:44 - C:/Users/Florian/Desktop/HTML-CSS-JS-PHP/Grundgeruest/scripts/register.php
	eZyloT hatt sich registriert!
05-05-2013 15:40:22 - C:/Users/Florian/Desktop/HTML-CSS-JS-PHP/Grundgeruest/index.php
	Session wurde über die Konsole zerstört
05-05-2013 15:40:26 - C:/Users/Florian/Desktop/HTML-CSS-JS-PHP/Grundgeruest/index.php
	Session wurde über die Konsole zerstört
05-05-2013 15:40:36 - C:/Users/Florian/Desktop/HTML-CSS-JS-PHP/Grundgeruest/scripts/login.php
	 hatt sich eingelogt!
05-05-2013 15:40:58 - C:/Users/Florian/Desktop/HTML-CSS-JS-PHP/Grundgeruest/index.php
	Session wurde über die Konsole zerstört
05-05-2013 15:41:02 - C:/Users/Florian/Desktop/HTML-CSS-JS-PHP/Grundgeruest/scripts/login.php
	 hatt sich eingelogt!
05-05-2013 15:41:41 - C:/Users/Florian/Desktop/HTML-CSS-JS-PHP/Grundgeruest/index.php
	Session wurde über die Konsole zerstört
05-05-2013 15:41:45 - C:/Users/Florian/Desktop/HTML-CSS-JS-PHP/Grundgeruest/scripts/login.php
	 hatt sich eingelogt!
05-05-2013 15:43:25 - C:/Users/Florian/Desktop/HTML-CSS-JS-PHP/Grundgeruest/index.php
	Session wurde über die Konsole zerstört
05-05-2013 15:43:30 - C:/Users/Florian/Desktop/HTML-CSS-JS-PHP/Grundgeruest/scripts/login.php
	 hatt sich eingelogt!
05-05-2013 15:44:04 - C:/Users/Florian/Desktop/HTML-CSS-JS-PHP/Grundgeruest/scripts/login.php
	 hatt sich eingelogt!
