25-04-2013 20:19:48 - C:/Users/Florian/Desktop/HTML-CSS-JS-PHP/Grundgeruest/scripts/login.php
	 hatt sich eingelogt!
25-04-2013 20:29:09 - C:/Users/Florian/Desktop/HTML-CSS-JS-PHP/Grundgeruest/scripts/register.php
	 hatt sich registriert!
25-04-2013 20:34:24 - C:/Users/Florian/Desktop/HTML-CSS-JS-PHP/Grundgeruest/scripts/register.php
	adawd hatt sich registriert!
25-04-2013 20:36:02 - C:/Users/Florian/Desktop/HTML-CSS-JS-PHP/Grundgeruest/index.php
	Session wurde über die Konsole zerstört
25-04-2013 20:36:04 - C:/Users/Florian/Desktop/HTML-CSS-JS-PHP/Grundgeruest/index.php
	Session wurde über die Konsole zerstört
25-04-2013 20:36:36 - C:/Users/Florian/Desktop/HTML-CSS-JS-PHP/Grundgeruest/index.php
	Session wurde über die Konsole zerstört
25-04-2013 20:37:25 - C:/Users/Florian/Desktop/HTML-CSS-JS-PHP/Grundgeruest/index.php
	Session wurde über die Konsole zerstört
25-04-2013 20:37:43 - C:/Users/Florian/Desktop/HTML-CSS-JS-PHP/Grundgeruest/scripts/register.php
	eZyloT hatt sich registriert!
25-04-2013 20:37:52 - C:/Users/Florian/Desktop/HTML-CSS-JS-PHP/Grundgeruest/index.php
	Session wurde über die Konsole zerstört
25-04-2013 20:37:54 - C:/Users/Florian/Desktop/HTML-CSS-JS-PHP/Grundgeruest/index.php
	Session wurde über die Konsole zerstört
25-04-2013 20:38:05 - C:/Users/Florian/Desktop/HTML-CSS-JS-PHP/Grundgeruest/scripts/register.php
	wad hatt sich registriert!
25-04-2013 20:38:57 - C:/Users/Florian/Desktop/HTML-CSS-JS-PHP/Grundgeruest/scripts/register.php
	wad hatt sich registriert!
25-04-2013 20:56:24 - C:/Users/Florian/Desktop/HTML-CSS-JS-PHP/Grundgeruest/scripts/register.php
	awd hatt sich registriert!
25-04-2013 20:58:12 - C:/Users/Florian/Desktop/HTML-CSS-JS-PHP/Grundgeruest/index.php
	Session wurde über die Konsole zerstört
25-04-2013 20:59:14 - C:/Users/Florian/Desktop/HTML-CSS-JS-PHP/Grundgeruest/index.php
	Session wurde über die Konsole zerstört
25-04-2013 21:01:46 - C:/Users/Florian/Desktop/HTML-CSS-JS-PHP/Grundgeruest/index.php
	Session wurde über die Konsole zerstört
25-04-2013 21:03:06 - C:/Users/Florian/Desktop/HTML-CSS-JS-PHP/Grundgeruest/index.php
	Session wurde über die Konsole zerstört
25-04-2013 21:03:08 - C:/Users/Florian/Desktop/HTML-CSS-JS-PHP/Grundgeruest/index.php
	Session wurde über die Konsole zerstört
25-04-2013 21:03:21 - C:/Users/Florian/Desktop/HTML-CSS-JS-PHP/Grundgeruest/scripts/register.php
	flo hatt sich registriert!
25-04-2013 21:03:31 - C:/Users/Florian/Desktop/HTML-CSS-JS-PHP/Grundgeruest/index.php
	Session wurde über die Konsole zerstört
25-04-2013 21:03:36 - C:/Users/Florian/Desktop/HTML-CSS-JS-PHP/Grundgeruest/index.php
	Session wurde über die Konsole zerstört
25-04-2013 21:03:44 - C:/Users/Florian/Desktop/HTML-CSS-JS-PHP/Grundgeruest/scripts/login.php
	flo hatt sich eingelogt!
25-04-2013 21:03:54 - C:/Users/Florian/Desktop/HTML-CSS-JS-PHP/Grundgeruest/index.php
	Session wurde über die Konsole zerstört
25-04-2013 21:04:01 - C:/Users/Florian/Desktop/HTML-CSS-JS-PHP/Grundgeruest/scripts/login.php
	 hatt sich eingelogt!
25-04-2013 21:07:58 - C:/Users/Florian/Desktop/HTML-CSS-JS-PHP/Grundgeruest/index.php
	SELECT * FROM statistic WHERE ip='::1' -was- 1
25-04-2013 21:08:01 - C:/Users/Florian/Desktop/HTML-CSS-JS-PHP/Grundgeruest/index.php
	SELECT * FROM statistic WHERE ip='::1' -was- 1
25-04-2013 21:08:06 - C:/Users/Florian/Desktop/HTML-CSS-JS-PHP/Grundgeruest/index.php
	SELECT * FROM statistic WHERE ip='::1' -was- 1
25-04-2013 21:08:07 - C:/Users/Florian/Desktop/HTML-CSS-JS-PHP/Grundgeruest/index.php
	SELECT * FROM statistic WHERE ip='::1' -was- 1
25-04-2013 21:08:10 - C:/Users/Florian/Desktop/HTML-CSS-JS-PHP/Grundgeruest/index.php
	SELECT * FROM statistic WHERE ip='::1' -was- 1
25-04-2013 21:08:13 - C:/Users/Florian/Desktop/HTML-CSS-JS-PHP/Grundgeruest/index.php
	SELECT * FROM statistic WHERE ip='::1' -was- 1
