02-10-2013 13:23:13	florian : gi
02-10-2013 13:26:50	florian : help
02-10-2013 13:27:16	florian : l
02-10-2013 13:38:53	[ADMIN] : hi
02-10-2013 13:41:47	aw : hi
02-10-2013 13:42:30	awf : Fawd
02-10-2013 13:44:06	awd : Florian
02-10-2013 13:45:49	User [ADMIN](18) got kicked 
02-10-2013 13:45:49	 : <span class='info'>User [ADMIN](18) got kicked</span>
02-10-2013 13:46:32	asd : &lt;script&gt;alert(&quot;a&quot;;);&lt;/script&gt;
02-10-2013 15:21:38	ruabmbua : U noob
02-10-2013 15:21:44	awd : wuhahahaha
02-10-2013 15:21:51	awd : OMG
02-10-2013 15:21:54	ruabmbua : UUUUU NOOOOBBB
02-10-2013 15:22:40	[ADMIN] : dafug
02-10-2013 15:22:41	[ADMIN] : ad
02-10-2013 15:22:42	[ADMIN] : adw
02-10-2013 15:22:42	[ADMIN] : ad
02-10-2013 15:22:43	[ADMIN] : wad
02-10-2013 15:22:46	[ADMIN] : JOO KLAAR
02-10-2013 15:22:47	[ADMIN] : lsit
02-10-2013 15:23:19	[ADMIN] : SHELDON STYLE
02-10-2013 15:23:48	ruabmbua : DU GENIUS
02-10-2013 15:24:04	ruabmbua : sa
02-10-2013 15:24:06	ruabmbua : csacaacs
02-10-2013 15:24:07	ruabmbua : assaccsa
02-10-2013 15:24:08	ruabmbua : asccsacas
02-10-2013 15:24:09	ruabmbua : ascasccas
02-10-2013 15:25:44	ruabmbua : Hallo
02-10-2013 15:25:52	Hi : seas+
02-10-2013 15:26:01	Hi : /Name Florian
02-10-2013 15:26:15	Florian : seas
02-10-2013 15:26:18	[ADMIN] ruabmbua : lol
02-10-2013 15:26:18	blabla : ssfdfds
02-10-2013 15:26:23	Florian : ohhh
02-10-2013 15:26:29	blabla : wtf
02-10-2013 15:26:34	Florian : wia brauchen so wos wie a klassenchat
02-10-2013 15:26:37	Florian : :D
02-10-2013 15:26:40	blabla : yesssss
02-10-2013 15:26:40	[ADMIN] ruabmbua : Ihr noobs
02-10-2013 15:26:45	blabla : hahah
02-10-2013 15:27:01	User [ADMIN] ruabmbua(20) got kicked 
02-10-2013 15:27:01	[ADMIN] : <span class='info'>User [ADMIN] ruabmbua(20) got kicked</span>
02-10-2013 15:27:13	FLorian : :D
02-10-2013 15:27:18	ruabmbua : LAALL
02-10-2013 15:27:23	FLorian : moi auf de gache in scheldon gekickt
02-10-2013 15:27:29	ruabmbua : Ich speme nict
02-10-2013 15:27:45	FLorian : Lumpi, wos hom ma mochen mwasn?
02-10-2013 15:27:55	blabla : i was ah nd
02-10-2013 15:27:57	FLorian : :D
02-10-2013 15:28:00	FLorian : ok.
02-10-2013 15:28:09	FLorian : i hob eh nix mitgeschreiben
02-10-2013 15:28:14	blabla : irgendwas mit 2-weg und 1 weg
02-10-2013 15:28:22	FLorian : hmm ^^
02-10-2013 15:28:28	FLorian : des hob i ah scho mirgrigt
02-10-2013 15:28:32	FLorian : mitgriagt*
02-10-2013 15:28:35	ruabmbua : wer is blabla
02-10-2013 15:28:49	FLorian : maaaa.. da lumpi
02-10-2013 15:28:54	ruabmbua : lumpi
02-10-2013 15:28:56	ruabmbua : asooo
02-10-2013 15:29:26	blabla : ohaa i bin da blabla
02-10-2013 15:29:36	FLorian : lets kick sheldon
02-10-2013 15:29:39	ruabmbua : ds
02-10-2013 15:29:39	FLorian : /lsit
02-10-2013 15:29:53	ruabmbua : FLorian: /lsit 22=FLorian 23=blabla 24=ruabmbua
02-10-2013 15:30:00	User ruabmbua(24) got kicked 
02-10-2013 15:30:00	FLorian : <span class='info'>User ruabmbua(24) got kicked</span>
02-10-2013 15:30:21	FLorian : who lives in a pineapple deep under the sea?
02-10-2013 15:30:50	blabla : spongobob schwammkopf
02-10-2013 15:31:17	FLorian : oida na da scheldon is ah wida do
02-10-2013 15:31:46	FLorian : fritzel?
02-10-2013 15:31:50	Keller Fritzl : Keller Fritzl
02-10-2013 15:31:52	ruabmbua : ADOLF
02-10-2013 15:31:56	FLorian : ech jetzt?
02-10-2013 15:32:16	ruabmbua : Rauf mit eurer rechten Hand!
02-10-2013 15:32:18	blabla : hallo
02-10-2013 15:32:35	ruabmbua : Hoid de fressn du hater i hass di HATE
02-10-2013 15:32:39	ruabmbua : HATE
02-10-2013 15:32:43	mein name ist fritzel... keller fritzel : haaaaa
02-10-2013 15:32:45	mein name ist fritzel... keller fritzel : hahahahaa
02-10-2013 15:32:45	mein name ist fritzel... keller fritzel : aa
02-10-2013 15:32:48	blabla : so dobernig des wird ah 
02-10-2013 15:32:52	blabla : gaudi
02-10-2013 15:32:57	ruabmbua : Unfd wie is im Keller -_-
02-10-2013 15:32:57	blabla : hahahah
02-10-2013 15:32:59	[ADMIN] : ohhhh
02-10-2013 15:33:04	[ADMIN] : Do is da admin
02-10-2013 15:33:07	ruabmbua : NOOBS
02-10-2013 15:33:12	Nik : schwul
02-10-2013 15:33:17	Nik : .
02-10-2013 15:33:19	Nik : .
02-10-2013 15:33:19	Nik : .
02-10-2013 15:33:20	Nik : .
02-10-2013 15:33:20	Nik : .
02-10-2013 15:33:20	Nik : .
02-10-2013 15:33:20	Nik : .
02-10-2013 15:33:21	Nik : .
02-10-2013 15:33:22	Nik : .
02-10-2013 15:33:22	[ADMIN] : oida
02-10-2013 15:33:23	Nik : .
02-10-2013 15:33:24	Nik : .
02-10-2013 15:33:31	User Nik(30) got kicked 
02-10-2013 15:33:31	[ADMIN] : <span class='info'>User Nik(30) got kicked</span>
02-10-2013 15:33:38	ruabmbua : HAllo
02-10-2013 15:33:46	schffel : Hallo
02-10-2013 15:33:48	[ADMIN] : oida
02-10-2013 15:33:51	[ADMIN] : afds
02-10-2013 15:33:51	[ADMIN] : asd
02-10-2013 15:33:52	[ADMIN] : weeer
02-10-2013 15:33:58	schffel : OPOPOPOPOPOPOPOPOPOPOPO
02-10-2013 15:34:10	[ADMIN] : ph so ein noob
02-10-2013 15:34:14	[ADMIN] : pueh
02-10-2013 15:34:15	[ADMIN] ruabmbua : LOL
02-10-2013 15:34:26	Prosleb : yoo
02-10-2013 15:34:27	Prosleb : yo
02-10-2013 15:34:28	Prosleb : yo
02-10-2013 15:34:33	[ADMIN] ruabmbua : yoo wa biste?
02-10-2013 15:34:33	blabla : yeahh
02-10-2013 15:34:40	Prosleb : oida da goblirsch is voi depad
02-10-2013 15:34:42	[ADMIN] ruabmbua : 7list
02-10-2013 15:34:47	Prosleb : hihihi
02-10-2013 15:34:58	Kastna : I bin schwul hihihi
02-10-2013 15:35:00	blabla : ah geh da kommst bald drauf
02-10-2013 15:35:03	[ADMIN] ruabmbua : Ihr seid gay
02-10-2013 15:35:09	blabla : Bogner is gay
02-10-2013 15:35:14	[ADMIN] : jo des stimmt
02-10-2013 15:35:20	Kastna : i ziag ma de kleider vo meina mom o
02-10-2013 15:35:25	Florian : ohhhh
02-10-2013 15:35:25	[ADMIN] ruabmbua : richtig
02-10-2013 15:35:28	[ADMIN] ruabmbua : Bogna
02-10-2013 15:35:31	hitler : morgen
02-10-2013 15:35:35	Florian : hawara
02-10-2013 15:35:36	Kastna : i iss gern lippenstift
02-10-2013 15:35:42	Florian : wer isn da kastner?
02-10-2013 15:35:51	Kastna : da flo
02-10-2013 15:35:51	[ADMIN] ruabmbua : Ich fresse kake
02-10-2013 15:36:09	Prosleb : ok goblirsch
02-10-2013 15:36:26	[ADMIN] : daaddsadsa
02-10-2013 15:36:27	[ADMIN] : asdf
02-10-2013 15:36:28	[ADMIN] : adsf
02-10-2013 15:36:29	[ADMIN] : adsf
02-10-2013 15:36:30	[ADMIN] : sadf
02-10-2013 15:36:42	Kastna : &lt;- fag
02-10-2013 15:36:45	Prosleb : i was das i so fme bin dass eich olle nach mir bennen miasts
02-10-2013 15:36:45	User hitler(34) got kicked 
02-10-2013 15:36:45	Florian : <span class='info'>User hitler(34) got kicked</span>
02-10-2013 15:36:45	Kastna : &lt;- noob
02-10-2013 15:36:48	Kastna : &lt;- spast
02-10-2013 15:36:57	Kastna : &lt;-- trottl
02-10-2013 15:37:05	User Kastna(33) got kicked 
02-10-2013 15:37:05	Florian : <span class='info'>User Kastna(33) got kicked</span>
02-10-2013 15:37:34	Prosleb : wieso is des chatfenster oben und ned unten
02-10-2013 15:37:38	Prosleb : mocht gor kan sinn
02-10-2013 15:37:55	Prosleb : am design muas ma nu arbeiten
02-10-2013 15:37:58	Prosleb : du anfnger
02-10-2013 15:38:06	adolf : ficking hard
02-10-2013 15:38:09	Florian : So f noobs
02-10-2013 15:38:26	adolf : schliemuskel
02-10-2013 15:38:26	Florian : Oida kastner sei ned so a schwuchtl
02-10-2013 15:38:28	blabla : wtf
02-10-2013 15:38:40	Florian : lumpi?
02-10-2013 15:38:49	blabla : i mag et nicht
02-10-2013 15:38:50	ruabmbua : lu,mpi
02-10-2013 15:39:34	ei : i siag scho.. heid wiad et wida foi witzig
02-10-2013 15:40:11	blabla : sicha voi
02-10-2013 15:40:25	ruabmbua : Jojo rafi
02-10-2013 15:40:36	florian : rafetseder -.-
02-10-2013 15:40:59	Florian Kastner aka der BozZ : nennts eich amoi gscheit
02-10-2013 15:40:59	florian : wuuut?
02-10-2013 15:41:06	Florian Kastner aka der BozZ : doppelt
02-10-2013 15:41:11	ruabmbua : Jo Gert^^
02-10-2013 15:41:18	Florian Kastner aka der BozZ : is bei eich a ois doppelt
02-10-2013 15:41:18	florian : kastner d boss.. wer bistn du bitte
02-10-2013 15:41:26	florian : na
02-10-2013 15:41:28	ruabmbua : Na ned ois doppid
02-10-2013 15:41:37	florian : du host 2 moi auf connct druckt du spasst
02-10-2013 15:41:42	florian : connect*
02-10-2013 15:41:50	Florian Kastner aka der BozZ : jo wie renamed ma sie ohne connect
02-10-2013 15:41:55	florian : ahaaa da fritzel aka pueh
02-10-2013 15:41:56	test : oh
02-10-2013 15:42:01	test : i hobs ausa gfundn
02-10-2013 15:42:02	test : :o
02-10-2013 15:42:02	duda : Hallo
02-10-2013 15:42:05	duda : LOL
02-10-2013 15:42:07	duda : FRESSE
02-10-2013 15:42:15	duda : BUG
02-10-2013 15:42:19	florian : hdf
02-10-2013 15:42:19	blabla : wo san wir?
02-10-2013 15:42:24	florian : e-tec
02-10-2013 15:42:44	awd : noo
02-10-2013 15:42:47	florian kastner aka der BoZZ : voi pro
02-10-2013 15:42:53	florian kastner aka der BoZZ : was w er vun uns
02-10-2013 15:42:56	florian kastner aka der BoZZ : dobernig go home
02-10-2013 15:43:00	florian kastner aka der BoZZ : you are DRUNK
02-10-2013 15:43:02	awd : handnotizen?
02-10-2013 15:43:14	florian kastner aka der BoZZ : verstndnis
02-10-2013 15:43:15	florian kastner aka der BoZZ : haha
02-10-2013 15:43:29	florian kastner aka der BoZZ : ois wos i vasteh is:
02-10-2013 15:43:35	florian kastner aka der BoZZ : &quot;im a faggot&quot;
02-10-2013 15:43:38	testpassword : des stimmt
02-10-2013 15:43:46	testpassword : you are a fagot
02-10-2013 15:43:47	florian kastner aka der BoZZ : schff
02-10-2013 15:43:48	florian kastner aka der BoZZ : l
02-10-2013 15:43:54	florian kastner aka der BoZZ : schlie dei notebook
02-10-2013 15:43:56	testpassword : kane umlaute
02-10-2013 15:43:56	florian kastner aka der BoZZ : du fag
02-10-2013 15:44:30	mexxkill : hi
02-10-2013 15:44:41	testpassword : seas
02-10-2013 15:45:07	testpassword : soo.. jetzt laptop schliessen
02-10-2013 15:45:10	testpassword : es fags
