03-06-2013 21:23:18	Florian : Hi
03-06-2013 21:23:45	Florian : awawd
03-06-2013 21:27:41	Florian : Ohaaa
03-06-2013 21:28:04	Florian : trolololo
03-06-2013 21:41:26	waf : awdawd
03-06-2013 21:48:35	[ADMIN] : wafaf
03-06-2013 21:55:25	[ADMIN] : /kick
03-06-2013 21:55:56	[ADMIN] : kick
03-06-2013 21:56:09	[ADMIN] : kick 12
03-06-2013 21:58:12	[ADMIN] : kick
03-06-2013 21:58:17	[ADMIN] : kick 12
03-06-2013 21:58:32	[ADMIN] : kick #12
03-06-2013 22:00:11	[ADMIN] : kick
03-06-2013 22:00:18	[ADMIN] : kick 12
03-06-2013 22:05:47	[ADMIN] : kick
03-06-2013 22:05:52	[ADMIN] : kick 12
03-06-2013 22:05:57	[ADMIN] : kick #12
03-06-2013 22:06:03	[ADMIN] : kick 123
03-06-2013 22:06:07	[ADMIN] : kick 18
03-06-2013 22:14:01	[ADMIN] : kick
03-06-2013 22:14:04	 : kick 12
