03-10-2013 08:01:35	 : hallo
03-10-2013 08:02:21	 : jo mufucka
03-10-2013 08:02:37	Florian : seas ruambua
03-10-2013 08:02:50	ruabmbua : seas gert
03-10-2013 08:02:56	Florian : .
03-10-2013 08:03:03	ruabmbua : ../
03-10-2013 08:04:22	ruabmbua : in da doku ^^
03-10-2013 08:05:17	ruabmbua : my home is my egger
03-10-2013 08:05:21	Florian : my home is my stiegl
03-10-2013 08:05:30	ruabmbua : u drunk
03-10-2013 08:05:51	ruabmbua : bla
03-10-2013 08:06:32	ruabmbua : juhu
03-10-2013 08:08:51	ruabmbua : dagu
03-10-2013 08:09:08	ruabmbua : : jo mufucka
03-10-2013 08:09:24	ruabmbua : Florian: .
03-10-2013 08:09:34	Florian : Connectet... Resource id #21 renamed himself to Florian : hallo : jo mufucka Resource id #
03-10-2013 08:09:36	Florian : Connectet... Resource id #21 renamed himself to Florian : hallo : jo mufucka Resource id #
03-10-2013 08:09:36	Florian : Connectet... Resource id #21 renamed himself to Florian : hallo : jo mufucka Resource id #
03-10-2013 08:09:37	Florian : Connectet... Resource id #21 renamed himself to Florian : hallo : jo mufucka Resource id #
03-10-2013 08:09:37	Florian : Connectet... Resource id #21 renamed himself to Florian : hallo : jo mufucka Resource id #
03-10-2013 08:09:37	Florian : Connectet... Resource id #21 renamed himself to Florian : hallo : jo mufucka Resource id #
03-10-2013 08:09:37	Florian : Connectet... Resource id #21 renamed himself to Florian : hallo : jo mufucka Resource id #
03-10-2013 08:09:38	Florian : Connectet... Resource id #21 renamed himself to Florian : hallo : jo mufucka Resource id #
03-10-2013 08:09:38	Florian : Connectet... Resource id #21 renamed himself to Florian : hallo : jo mufucka Resource id #
03-10-2013 08:09:38	Florian : Connectet... Resource id #21 renamed himself to Florian : hallo : jo mufucka Resource id #
03-10-2013 08:09:38	Florian : Connectet... Resource id #21 renamed himself to Florian : hallo : jo mufucka Resource id #
03-10-2013 08:09:39	Florian : Connectet... Resource id #21 renamed himself to Florian : hallo : jo mufucka Resource id #
03-10-2013 08:09:39	Florian : Connectet... Resource id #21 renamed himself to Florian : hallo : jo mufucka Resource id #
03-10-2013 08:09:39	Florian : Connectet... Resource id #21 renamed himself to Florian : hallo : jo mufucka Resource id #
03-10-2013 08:09:39	Florian : Connectet... Resource id #21 renamed himself to Florian : hallo : jo mufucka Resource id #
03-10-2013 08:15:02	Florian : hallo7
03-10-2013 08:15:20	uzug : h7zh
