05-06-2013 19:09:38	Floriaj : hiii kick
05-06-2013 19:09:43	Floriaj : akick
05-06-2013 19:09:45	Floriaj : kick
05-06-2013 19:22:06	flo : aawd
05-06-2013 19:22:23	[ADMIN] : asd kick 1
05-06-2013 19:22:28	[ADMIN] : asd kick 123
05-06-2013 19:22:39	[ADMIN] : kick
05-06-2013 19:22:50	[ADMIN] : <span class='info'>User awdad(18got kicked
05-06-2013 22:07:45	awdawd : afwafawf
05-06-2013 22:07:48	[ADMIN] : kick
05-06-2013 22:07:50	[ADMIN] : /kick
05-06-2013 22:07:53	[ADMIN] : kick 1
05-06-2013 22:07:57	[ADMIN] : /kick
05-06-2013 22:08:14	 : <span class='info'>User [ADMIN](18) got kicked
05-06-2013 22:08:26	[ADMIN] : <span class='info'>User awdawd(19) got kicked
05-06-2013 22:10:50	User [ADMIN](18) got kicked 
05-06-2013 22:10:50	 : <span class='info'>User [ADMIN](18) got kicked</span>
05-06-2013 22:12:37	User [ADMIN](18) got kicked 
05-06-2013 22:12:37	 : <span class='info'>User [ADMIN](18) got kicked</span>
05-06-2013 22:14:43	User [ADMIN](18) got kicked 
05-06-2013 22:14:43	 : <span class='info'>User [ADMIN](18) got kicked</span>
05-06-2013 22:16:35	User [ADMIN](18) got kicked 
05-06-2013 22:16:35	 : <span class='info'>User [ADMIN](18) got kicked</span>
05-06-2013 22:17:24	User [ADMIN](22) got kicked 
05-06-2013 22:17:24	 : <span class='info'>User [ADMIN](22) got kicked</span>
05-06-2013 22:17:47	bastart : hi
05-06-2013 22:18:02	User [ADMIN](21) got kicked 
05-06-2013 22:18:02	[ADMIN] : <span class='info'>User [ADMIN](21) got kicked</span>
05-06-2013 22:26:51	wafawf : /list
05-06-2013 22:27:22	awdad : /list
05-06-2013 22:28:27	asdawd : /list
05-06-2013 22:28:45	afwafawfawfawfa : /list
05-06-2013 22:32:50	[ADMIN] : list
05-06-2013 22:33:03	hijh : awd
05-06-2013 22:33:03	hijh : ad
05-06-2013 22:33:03	hijh : ad
05-06-2013 22:33:04	hijh : ad
05-06-2013 22:33:04	hijh : ad
05-06-2013 22:33:04	hijh : a
05-06-2013 22:33:04	hijh : da
05-06-2013 22:33:04	hijh : dw
05-06-2013 22:33:04	hijh : ad
05-06-2013 22:33:05	hijh : wad
05-06-2013 22:33:05	hijh : a
05-06-2013 22:33:05	hijh : d
05-06-2013 22:33:05	hijh : ad
05-06-2013 22:33:05	hijh : ad
05-06-2013 22:33:06	hijh : a
05-06-2013 22:33:06	hijh : da
05-06-2013 22:33:06	hijh : d
05-06-2013 22:33:06	hijh : ad
05-06-2013 22:33:07	hijh : d
05-06-2013 22:33:12	[ADMIN] : /lsit
05-06-2013 22:33:56	testpssword : spammer in here?
05-06-2013 22:34:02	hijh : jeah
05-06-2013 22:34:03	hijh : I
05-06-2013 22:34:31	User hijh(21) got kicked 
05-06-2013 22:34:31	[ADMIN] : <span class='info'>User hijh(21) got kicked</span>
